2025-07-01 13:52:05 - INFO - setup_logging - Logging initialized. Log file: C:\Users\SamClissold\MCCF_GIT_Repo - Copy\MCCF\PDP8\results\logs\map_generation_20250701_135205.log
2025-07-01 13:52:05 - INFO - main - Starting map generation process
2025-07-01 13:52:05 - INFO - main - Generating map type: integrated
2025-07-01 13:52:05 - INFO - main - Generating integrated map
2025-07-01 13:52:05 - INFO - get_power_lines - Reading powerline data from C:\Users\SamClissold\MCCF_GIT_Repo - Copy\MCCF\PDP8\data\VNM.gpkg
2025-07-01 13:52:05 - INFO - get_power_lines - Read 10023 powerline records
2025-07-01 13:52:05 - INFO - cache_polylines - Computing DBSCAN clusters and greedy paths for each voltage category...
2025-07-01 13:52:12 - INFO - cache_polylines - Saved polylines to C:\Users\SamClissold\MCCF_GIT_Repo - Copy\MCCF\PDP8\results\powerline_polylines.geojson
2025-07-01 13:52:14 - INFO - load_from_cache - Loaded read_substation_data data from cache
2025-07-01 13:52:14 - INFO - read_solar_irradiance_points - Starting solar irradiance data reading
2025-07-01 13:52:14 - INFO - read_solar_irradiance_points - Reading solar irradiance data from C:\Users\SamClissold\MCCF_GIT_Repo - Copy\MCCF\PDP8\data\extracted_data\solar_irradiance_points.csv
2025-07-01 13:52:16 - INFO - read_solar_irradiance_points - Read 1843200 solar irradiance points
2025-07-01 13:52:16 - INFO - read_solar_irradiance_points - Solar irradiance data reading completed in 2.13 seconds
2025-07-01 13:56:47 - INFO - load_from_cache - Loaded read_and_clean_power_data data from cache
2025-07-01 13:56:48 - INFO - load_from_cache - Loaded read_planned_transformer_data data from cache
2025-07-01 13:56:48 - ERROR - main - Error creating map: name 'voltage_cat' is not defined
Traceback (most recent call last):
  File "C:\Users\SamClissold\MCCF_GIT_Repo - Copy\MCCF\PDP8\map.py", line 2839, in main
    m = create_integrated_map(force_recompute=args.force_recompute)
  File "C:\Users\SamClissold\MCCF_GIT_Repo - Copy\MCCF\PDP8\map.py", line 1877, in create_integrated_map
    tooltip=f"Planned Transformer ({voltage_cat}) - {row['name']} - {row['sheet_source']}"
NameError: name 'voltage_cat' is not defined
