2025-07-01 14:30:58 - INFO - setup_logging - Logging initialized. Log file: C:\Users\SamClissold\MCCF_Git_Repo - Copy\MCCF\PDP8\results\logs\map_generation_20250701_143058.log
2025-07-01 14:30:58 - INFO - main - Starting map generation process
2025-07-01 14:30:58 - INFO - main - Generating map type: all
2025-07-01 14:30:58 - INFO - main - Generating integrated map
2025-07-01 14:30:58 - INFO - get_power_lines - Reading powerline data from C:\Users\SamClissold\MCCF_Git_Repo - Copy\MCCF\PDP8\data\VNM.gpkg
2025-07-01 14:30:58 - INFO - get_power_lines - Read 10023 powerline records
2025-07-01 14:30:58 - INFO - cache_polylines - Computing DBSCAN clusters and greedy paths for each voltage category...
2025-07-01 14:31:11 - INFO - cache_polylines - Saved polylines to C:\Users\SamClissold\MCCF_Git_Repo - Copy\MCCF\PDP8\results\powerline_polylines.geojson
2025-07-01 14:31:13 - INFO - load_from_cache - Loaded read_substation_data data from cache
2025-07-01 14:31:13 - INFO - load_from_cache - Loaded read_and_clean_power_data data from cache
2025-07-01 14:31:14 - INFO - load_from_cache - Loaded read_planned_substation_data data from cache
2025-07-01 14:31:14 - INFO - save_and_open_map - Starting map saving process
2025-07-01 14:31:14 - INFO - save_and_open_map - Saving map to C:\Users\SamClissold\MCCF_Git_Repo - Copy\MCCF\PDP8\results\vn_integrated_map.html
2025-07-01 14:31:41 - INFO - save_and_open_map - Opening map in browser: C:\Users\SamClissold\MCCF_Git_Repo - Copy\MCCF\PDP8\results\vn_integrated_map.html
2025-07-01 14:31:41 - INFO - save_and_open_map - Map saving and opening completed in 27.40 seconds
2025-07-01 14:31:41 - INFO - main - Generating wind power density map
2025-07-01 14:31:41 - INFO - save_and_open_map - Starting map saving process
2025-07-01 14:31:41 - INFO - save_and_open_map - Saving map to C:\Users\SamClissold\MCCF_Git_Repo - Copy\MCCF\PDP8\results\vn_wind_power_density_map.html
2025-07-01 14:31:41 - INFO - save_and_open_map - Opening map in browser: C:\Users\SamClissold\MCCF_Git_Repo - Copy\MCCF\PDP8\results\vn_wind_power_density_map.html
2025-07-01 14:31:41 - INFO - save_and_open_map - Map saving and opening completed in 0.17 seconds
2025-07-01 14:31:41 - INFO - main - Generating GEM map
2025-07-01 14:31:41 - INFO - create_gem_map - Starting GEM map creation
2025-07-01 14:31:41 - INFO - create_gem_map - Reading GEM datasets...
2025-07-01 14:31:41 - INFO - read_coal_plant_data - Starting coal plant data processing
2025-07-01 14:31:41 - INFO - read_coal_plant_data - Reading coal plant Excel file
2025-07-01 14:31:42 - INFO - read_coal_plant_data - Initial data shape: (87, 6), Columns: ['Plant name', 'Capacity (MW)', 'Status', 'Latitude', 'Longitude', 'Location accuracy']
2025-07-01 14:31:42 - INFO - read_coal_plant_data - Standardizing DataFrame format
2025-07-01 14:31:42 - INFO - read_coal_plant_data - Dropped 0 rows with missing coordinates
2025-07-01 14:31:42 - INFO - read_coal_plant_data - Final coal plant records: 87
2025-07-01 14:31:42 - INFO - read_coal_plant_data - Coal plant data processing completed in 0.61 seconds
2025-07-01 14:31:42 - INFO - save_to_cache - Saved read_coal_plant_data data to cache
2025-07-01 14:31:42 - INFO - read_coal_terminal_data - Starting coal terminal data processing
2025-07-01 14:31:42 - INFO - read_coal_terminal_data - Reading coal terminal Excel file
2025-07-01 14:31:42 - INFO - read_coal_terminal_data - Initial data shape: (4, 5), Columns: ['Coal Terminal Name', 'Status', 'Capacity (Mt)', 'Latitude', 'Longitude']
2025-07-01 14:31:42 - INFO - read_coal_terminal_data - Standardizing DataFrame format
2025-07-01 14:31:42 - ERROR - read_coal_terminal_data - Error reading coal terminal data: 'Terminal Name'
Traceback (most recent call last):
  File "C:\Users\SamClissold\anaconda3\envs\mccf-env\lib\site-packages\pandas\core\indexes\base.py", line 3812, in get_loc
    return self._engine.get_loc(casted_key)
  File "pandas/_libs/index.pyx", line 167, in pandas._libs.index.IndexEngine.get_loc
  File "pandas/_libs/index.pyx", line 196, in pandas._libs.index.IndexEngine.get_loc
  File "pandas/_libs/hashtable_class_helper.pxi", line 7088, in pandas._libs.hashtable.PyObjectHashTable.get_item
  File "pandas/_libs/hashtable_class_helper.pxi", line 7096, in pandas._libs.hashtable.PyObjectHashTable.get_item
KeyError: 'Terminal Name'

The above exception was the direct cause of the following exception:

Traceback (most recent call last):
  File "c:\users\samclissold\mccf_git_repo - copy\mccf\pdp8\map.py", line 207, in read_coal_terminal_data
    'name': df['Terminal Name'],
  File "C:\Users\SamClissold\anaconda3\envs\mccf-env\lib\site-packages\pandas\core\frame.py", line 4107, in __getitem__
    indexer = self.columns.get_loc(key)
  File "C:\Users\SamClissold\anaconda3\envs\mccf-env\lib\site-packages\pandas\core\indexes\base.py", line 3819, in get_loc
    raise KeyError(key) from err
KeyError: 'Terminal Name'
2025-07-01 14:31:42 - INFO - read_wind_power_data - Starting wind power data processing
2025-07-01 14:31:42 - INFO - read_wind_power_data - Reading wind power Excel file
2025-07-01 14:31:42 - INFO - read_wind_power_data - Initial data shape: (146, 5), Columns: ['Project Name', 'Capacity (MW)', 'Status', 'Latitude', 'Longitude']
2025-07-01 14:31:42 - INFO - read_wind_power_data - Standardizing DataFrame format
2025-07-01 14:31:42 - INFO - read_wind_power_data - Dropped 9 rows with missing coordinates
2025-07-01 14:31:42 - INFO - read_wind_power_data - Final wind power records: 137
2025-07-01 14:31:42 - INFO - read_wind_power_data - Wind power data processing completed in 0.04 seconds
2025-07-01 14:31:42 - INFO - save_to_cache - Saved read_wind_power_data data to cache
2025-07-01 14:31:42 - INFO - read_oil_gas_plant_data - Starting oil and gas plant data processing
2025-07-01 14:31:42 - INFO - read_oil_gas_plant_data - Reading oil and gas plant Excel file
2025-07-01 14:31:42 - INFO - read_oil_gas_plant_data - Initial data shape: (42, 7), Columns: ['Plant name', 'Fuel', 'Capacity (MW)', 'Status', 'Turbine/Engine Technology', 'Latitude', 'Longitude']
2025-07-01 14:31:42 - INFO - read_oil_gas_plant_data - Standardizing DataFrame format
2025-07-01 14:31:42 - INFO - read_oil_gas_plant_data - Dropped 0 rows with missing coordinates
2025-07-01 14:31:42 - INFO - read_oil_gas_plant_data - Final oil and gas plant records: 42
2025-07-01 14:31:42 - INFO - read_oil_gas_plant_data - Oil and gas plant data processing completed in 0.03 seconds
2025-07-01 14:31:42 - INFO - save_to_cache - Saved read_oil_gas_plant_data data to cache
2025-07-01 14:31:42 - INFO - read_lng_terminal_data - Starting LNG terminal data processing
2025-07-01 14:31:42 - INFO - read_lng_terminal_data - Reading LNG terminal DBF file
2025-07-01 14:31:42 - INFO - read_lng_terminal_data - Initial data shape: (1295, 58), Columns: ['TerminalID', 'ProjectID', 'ComboID', 'Wiki', 'TermName', 'UnitName', 'FacilType', 'Status', 'Country', 'OthLanName', 'OthEngName', 'Owner', 'Parent', 'ParHQCntry', 'Capac', 'CapacUnits', 'CapacMtpa', 'CapInBcmy', 'PropYr', 'PropMo', 'ConstYr', 'ConstMo', 'StartYr1', 'StartMo1', 'StartYr2', 'StartYr3', 'DlayStrtYr', 'DlayStrtMo', 'Delayed', 'DelayType', 'StrtYrLtst', 'ShelvedYr', 'CancelldYr', 'ShvCancTyp', 'StopYr', 'Location', 'Region', 'SubRegion', 'PrefDist', 'StateProv', 'Latitutde', 'Longitude', 'Accuracy', 'PwrPltSupp', 'Cost', 'CostUnits', 'CostUSD', 'FIDStatus', 'FIDYr', 'Floating', 'FSRUVessNm', 'TmpFacil', 'ImpExpOnly', 'H2', 'NH3', 'E-methane', 'CCS', 'LastUpdate']
2025-07-01 14:31:42 - INFO - read_lng_terminal_data - Attempting country-based filtering
2025-07-01 14:31:42 - INFO - read_lng_terminal_data - Found 1 potential country columns: ['Country']
2025-07-01 14:31:42 - INFO - read_lng_terminal_data - Found 25 LNG terminal records for Vietnam using country filter
2025-07-01 14:31:42 - INFO - read_lng_terminal_data - Extracting final coordinates
2025-07-01 14:31:42 - INFO - read_lng_terminal_data - Using lat/lon columns for final coordinates
2025-07-01 14:31:42 - INFO - read_lng_terminal_data - Filtered 1 records outside Vietnam's bounds
2025-07-01 14:31:42 - INFO - read_lng_terminal_data - Creating final standardized DataFrame
2025-07-01 14:31:42 - INFO - read_lng_terminal_data - Dropped 0 rows with missing coordinates
2025-07-01 14:31:42 - INFO - read_lng_terminal_data - Final LNG terminal records: 24
2025-07-01 14:31:42 - INFO - read_lng_terminal_data - LNG terminal data processing completed in 0.12 seconds
2025-07-01 14:31:42 - INFO - read_hydropower_data - Starting hydropower data processing
2025-07-01 14:31:42 - INFO - read_hydropower_data - Reading hydropower Excel file
2025-07-01 14:31:42 - INFO - read_hydropower_data - Initial data shape: (85, 6), Columns: ['Country/Area 1', 'Project Name', 'Capacity (MW)', 'Status', 'Latitude', 'Longitude']
2025-07-01 14:31:42 - INFO - read_hydropower_data - Filtered 1 non-Vietnam records
2025-07-01 14:31:42 - INFO - read_hydropower_data - Standardizing DataFrame format
2025-07-01 14:31:42 - INFO - read_hydropower_data - Dropped 0 rows with missing coordinates
2025-07-01 14:31:42 - INFO - read_hydropower_data - Final hydropower plant records: 84
2025-07-01 14:31:42 - INFO - read_hydropower_data - Hydropower data processing completed in 0.05 seconds
2025-07-01 14:31:42 - INFO - save_to_cache - Saved read_hydropower_data data to cache
2025-07-01 14:31:42 - INFO - read_solar_power_data - Starting solar power data processing
2025-07-01 14:31:42 - INFO - read_solar_power_data - Reading solar power Excel file
2025-07-01 14:31:42 - INFO - read_solar_power_data - Initial data shape: (633, 6), Columns: ['Project Name', 'Capacity (MW)', 'Capacity Rating', 'Status', 'Latitude', 'Longitude']
2025-07-01 14:31:42 - INFO - read_solar_power_data - Standardizing DataFrame format
2025-07-01 14:31:42 - INFO - read_solar_power_data - Dropped 0 rows with missing coordinates
2025-07-01 14:31:42 - INFO - read_solar_power_data - Final solar farm records: 633
2025-07-01 14:31:42 - INFO - read_solar_power_data - Solar power data processing completed in 0.11 seconds
2025-07-01 14:31:42 - INFO - save_to_cache - Saved read_solar_power_data data to cache
2025-07-01 14:31:42 - INFO - create_gem_map - Found 6 non-empty GEM datasets
2025-07-01 14:31:42 - INFO - create_gem_map - Combined dataset size: 1007 rows
2025-07-01 14:31:42 - INFO - create_gem_map - Creating base map
2025-07-01 14:31:42 - INFO - create_gem_map - Adding map plugins
2025-07-01 14:31:42 - INFO - create_gem_map - Processing feature groups and markers
2025-07-01 14:31:42 - INFO - create_gem_map - Processing 87 assets of type: Coal Plant
2025-07-01 14:31:43 - INFO - create_gem_map - Processing 137 assets of type: Wind Power
2025-07-01 14:31:43 - INFO - create_gem_map - Added 100 markers to map
2025-07-01 14:31:43 - INFO - create_gem_map - Added 200 markers to map
2025-07-01 14:31:43 - INFO - create_gem_map - Processing 15 assets of type: Oil/Gas Plant - fossil gas: natural gas
2025-07-01 14:31:43 - INFO - create_gem_map - Processing 23 assets of type: Oil/Gas Plant - fossil gas: LNG
2025-07-01 14:31:43 - INFO - create_gem_map - Processing 4 assets of type: Oil/Gas Plant - fossil gas: natural gas, fossil liquids: fuel oil
2025-07-01 14:31:43 - INFO - create_gem_map - Processing 24 assets of type: LNG Terminal
2025-07-01 14:31:43 - INFO - create_gem_map - Processing 84 assets of type: Hydropower Plant
2025-07-01 14:31:43 - INFO - create_gem_map - Added 300 markers to map
2025-07-01 14:31:43 - INFO - create_gem_map - Processing 633 assets of type: Solar Farm
2025-07-01 14:31:43 - INFO - create_gem_map - Added 400 markers to map
2025-07-01 14:31:43 - INFO - create_gem_map - Added 500 markers to map
2025-07-01 14:31:43 - INFO - create_gem_map - Added 600 markers to map
2025-07-01 14:31:43 - INFO - create_gem_map - Added 700 markers to map
2025-07-01 14:31:43 - INFO - create_gem_map - Added 800 markers to map
2025-07-01 14:31:43 - INFO - create_gem_map - Added 900 markers to map
2025-07-01 14:31:43 - INFO - create_gem_map - Added 1000 markers to map
2025-07-01 14:31:43 - INFO - create_gem_map - Total markers added: 1007
2025-07-01 14:31:43 - INFO - create_gem_map - Adding legends and controls
2025-07-01 14:31:43 - INFO - create_gem_map - GEM map creation completed in 1.15 seconds
2025-07-01 14:31:43 - INFO - save_and_open_map - Starting map saving process
2025-07-01 14:31:43 - INFO - save_and_open_map - Saving map to C:\Users\SamClissold\MCCF_Git_Repo - Copy\MCCF\PDP8\results\vn_gem_assets_map.html
2025-07-01 14:31:43 - INFO - save_and_open_map - Opening map in browser: C:\Users\SamClissold\MCCF_Git_Repo - Copy\MCCF\PDP8\results\vn_gem_assets_map.html
2025-07-01 14:31:43 - INFO - save_and_open_map - Map saving and opening completed in 0.14 seconds
2025-07-01 14:31:43 - INFO - main - Generating asset overlap map
2025-07-01 14:31:43 - INFO - read_coal_plant_data - Starting coal plant data processing
2025-07-01 14:31:43 - INFO - read_coal_plant_data - Reading coal plant Excel file
2025-07-01 14:31:43 - INFO - read_coal_plant_data - Initial data shape: (87, 6), Columns: ['Plant name', 'Capacity (MW)', 'Status', 'Latitude', 'Longitude', 'Location accuracy']
2025-07-01 14:31:43 - INFO - read_coal_plant_data - Standardizing DataFrame format
2025-07-01 14:31:43 - INFO - read_coal_plant_data - Dropped 0 rows with missing coordinates
2025-07-01 14:31:43 - INFO - read_coal_plant_data - Final coal plant records: 87
2025-07-01 14:31:43 - INFO - read_coal_plant_data - Coal plant data processing completed in 0.03 seconds
2025-07-01 14:31:43 - INFO - save_to_cache - Saved read_coal_plant_data data to cache
2025-07-01 14:31:43 - INFO - read_coal_terminal_data - Starting coal terminal data processing
2025-07-01 14:31:43 - INFO - read_coal_terminal_data - Reading coal terminal Excel file
2025-07-01 14:31:43 - INFO - read_coal_terminal_data - Initial data shape: (4, 5), Columns: ['Coal Terminal Name', 'Status', 'Capacity (Mt)', 'Latitude', 'Longitude']
2025-07-01 14:31:43 - INFO - read_coal_terminal_data - Standardizing DataFrame format
2025-07-01 14:31:43 - ERROR - read_coal_terminal_data - Error reading coal terminal data: 'Terminal Name'
Traceback (most recent call last):
  File "C:\Users\SamClissold\anaconda3\envs\mccf-env\lib\site-packages\pandas\core\indexes\base.py", line 3812, in get_loc
    return self._engine.get_loc(casted_key)
  File "pandas/_libs/index.pyx", line 167, in pandas._libs.index.IndexEngine.get_loc
  File "pandas/_libs/index.pyx", line 196, in pandas._libs.index.IndexEngine.get_loc
  File "pandas/_libs/hashtable_class_helper.pxi", line 7088, in pandas._libs.hashtable.PyObjectHashTable.get_item
  File "pandas/_libs/hashtable_class_helper.pxi", line 7096, in pandas._libs.hashtable.PyObjectHashTable.get_item
KeyError: 'Terminal Name'

The above exception was the direct cause of the following exception:

Traceback (most recent call last):
  File "c:\users\samclissold\mccf_git_repo - copy\mccf\pdp8\map.py", line 207, in read_coal_terminal_data
    'name': df['Terminal Name'],
  File "C:\Users\SamClissold\anaconda3\envs\mccf-env\lib\site-packages\pandas\core\frame.py", line 4107, in __getitem__
    indexer = self.columns.get_loc(key)
  File "C:\Users\SamClissold\anaconda3\envs\mccf-env\lib\site-packages\pandas\core\indexes\base.py", line 3819, in get_loc
    raise KeyError(key) from err
KeyError: 'Terminal Name'
2025-07-01 14:31:43 - INFO - read_wind_power_data - Starting wind power data processing
2025-07-01 14:31:43 - INFO - read_wind_power_data - Reading wind power Excel file
2025-07-01 14:31:43 - INFO - read_wind_power_data - Initial data shape: (146, 5), Columns: ['Project Name', 'Capacity (MW)', 'Status', 'Latitude', 'Longitude']
2025-07-01 14:31:43 - INFO - read_wind_power_data - Standardizing DataFrame format
2025-07-01 14:31:43 - INFO - read_wind_power_data - Dropped 9 rows with missing coordinates
2025-07-01 14:31:43 - INFO - read_wind_power_data - Final wind power records: 137
2025-07-01 14:31:43 - INFO - read_wind_power_data - Wind power data processing completed in 0.06 seconds
2025-07-01 14:31:43 - INFO - save_to_cache - Saved read_wind_power_data data to cache
2025-07-01 14:31:43 - INFO - read_oil_gas_plant_data - Starting oil and gas plant data processing
2025-07-01 14:31:43 - INFO - read_oil_gas_plant_data - Reading oil and gas plant Excel file
2025-07-01 14:31:43 - INFO - read_oil_gas_plant_data - Initial data shape: (42, 7), Columns: ['Plant name', 'Fuel', 'Capacity (MW)', 'Status', 'Turbine/Engine Technology', 'Latitude', 'Longitude']
2025-07-01 14:31:43 - INFO - read_oil_gas_plant_data - Standardizing DataFrame format
2025-07-01 14:31:43 - INFO - read_oil_gas_plant_data - Dropped 0 rows with missing coordinates
2025-07-01 14:31:43 - INFO - read_oil_gas_plant_data - Final oil and gas plant records: 42
2025-07-01 14:31:43 - INFO - read_oil_gas_plant_data - Oil and gas plant data processing completed in 0.04 seconds
2025-07-01 14:31:43 - INFO - save_to_cache - Saved read_oil_gas_plant_data data to cache
2025-07-01 14:31:43 - INFO - read_lng_terminal_data - Starting LNG terminal data processing
2025-07-01 14:31:43 - INFO - read_lng_terminal_data - Reading LNG terminal DBF file
2025-07-01 14:31:43 - INFO - read_lng_terminal_data - Initial data shape: (1295, 58), Columns: ['TerminalID', 'ProjectID', 'ComboID', 'Wiki', 'TermName', 'UnitName', 'FacilType', 'Status', 'Country', 'OthLanName', 'OthEngName', 'Owner', 'Parent', 'ParHQCntry', 'Capac', 'CapacUnits', 'CapacMtpa', 'CapInBcmy', 'PropYr', 'PropMo', 'ConstYr', 'ConstMo', 'StartYr1', 'StartMo1', 'StartYr2', 'StartYr3', 'DlayStrtYr', 'DlayStrtMo', 'Delayed', 'DelayType', 'StrtYrLtst', 'ShelvedYr', 'CancelldYr', 'ShvCancTyp', 'StopYr', 'Location', 'Region', 'SubRegion', 'PrefDist', 'StateProv', 'Latitutde', 'Longitude', 'Accuracy', 'PwrPltSupp', 'Cost', 'CostUnits', 'CostUSD', 'FIDStatus', 'FIDYr', 'Floating', 'FSRUVessNm', 'TmpFacil', 'ImpExpOnly', 'H2', 'NH3', 'E-methane', 'CCS', 'LastUpdate']
2025-07-01 14:31:43 - INFO - read_lng_terminal_data - Attempting country-based filtering
2025-07-01 14:31:43 - INFO - read_lng_terminal_data - Found 1 potential country columns: ['Country']
2025-07-01 14:31:43 - INFO - read_lng_terminal_data - Found 25 LNG terminal records for Vietnam using country filter
2025-07-01 14:31:43 - INFO - read_lng_terminal_data - Extracting final coordinates
2025-07-01 14:31:43 - INFO - read_lng_terminal_data - Using lat/lon columns for final coordinates
2025-07-01 14:31:43 - INFO - read_lng_terminal_data - Filtered 1 records outside Vietnam's bounds
2025-07-01 14:31:43 - INFO - read_lng_terminal_data - Creating final standardized DataFrame
2025-07-01 14:31:43 - INFO - read_lng_terminal_data - Dropped 0 rows with missing coordinates
2025-07-01 14:31:43 - INFO - read_lng_terminal_data - Final LNG terminal records: 24
2025-07-01 14:31:43 - INFO - read_lng_terminal_data - LNG terminal data processing completed in 0.15 seconds
2025-07-01 14:31:43 - INFO - read_hydropower_data - Starting hydropower data processing
2025-07-01 14:31:43 - INFO - read_hydropower_data - Reading hydropower Excel file
2025-07-01 14:31:43 - INFO - read_hydropower_data - Initial data shape: (85, 6), Columns: ['Country/Area 1', 'Project Name', 'Capacity (MW)', 'Status', 'Latitude', 'Longitude']
2025-07-01 14:31:43 - INFO - read_hydropower_data - Filtered 1 non-Vietnam records
2025-07-01 14:31:43 - INFO - read_hydropower_data - Standardizing DataFrame format
2025-07-01 14:31:43 - INFO - read_hydropower_data - Dropped 0 rows with missing coordinates
2025-07-01 14:31:43 - INFO - read_hydropower_data - Final hydropower plant records: 84
2025-07-01 14:31:43 - INFO - read_hydropower_data - Hydropower data processing completed in 0.07 seconds
2025-07-01 14:31:43 - INFO - save_to_cache - Saved read_hydropower_data data to cache
2025-07-01 14:31:43 - INFO - read_solar_power_data - Starting solar power data processing
2025-07-01 14:31:43 - INFO - read_solar_power_data - Reading solar power Excel file
2025-07-01 14:31:43 - INFO - read_solar_power_data - Initial data shape: (633, 6), Columns: ['Project Name', 'Capacity (MW)', 'Capacity Rating', 'Status', 'Latitude', 'Longitude']
2025-07-01 14:31:43 - INFO - read_solar_power_data - Standardizing DataFrame format
2025-07-01 14:31:43 - INFO - read_solar_power_data - Dropped 0 rows with missing coordinates
2025-07-01 14:31:43 - INFO - read_solar_power_data - Final solar farm records: 633
2025-07-01 14:31:43 - INFO - read_solar_power_data - Solar power data processing completed in 0.16 seconds
2025-07-01 14:31:43 - INFO - save_to_cache - Saved read_solar_power_data data to cache
2025-07-01 14:31:43 - INFO - read_openinfra_existing_generators - Starting OpenInfra existing generators data reading
2025-07-01 14:31:43 - INFO - read_openinfra_existing_generators - Reading generator data from C:\Users\SamClissold\MCCF_Git_Repo - Copy\MCCF\PDP8\data\openinfra_existing_generator_data.xlsx
2025-07-01 14:31:44 - INFO - read_openinfra_existing_generators - Initial data shape: (2092, 29), Columns: ['id', 'name', 'name_en', 'operator', 'wd_operator', 'construction', 'source', 'output', 'method', 'start_date', 'longitude', 'latitude', 'wikidata', 'ref', 'location', 'max_voltage', 'voltages', 'frequency', 'circuits', 'cables', 'substation_type', 'transformer', 'v_primary', 'v_secondary', 'v_tertiary', 'rating', 'type', 'transition', 'substance']
2025-07-01 14:31:44 - INFO - read_openinfra_existing_generators - Kept and renamed 4 required columns
2025-07-01 14:31:44 - INFO - read_openinfra_existing_generators - OpenInfra existing generators data reading completed in 0.28 seconds
2025-07-01 14:31:44 - INFO - read_openinfra_existing_generators - Final generator records: 2092
2025-07-01 14:31:44 - INFO - save_to_cache - Saved read_openinfra_existing_generators data to cache
2025-07-01 14:33:56 - INFO - save_and_open_map - Starting map saving process
2025-07-01 14:33:56 - INFO - save_and_open_map - Saving map to C:\Users\SamClissold\MCCF_Git_Repo - Copy\MCCF\PDP8\results\overlap_map.html
2025-07-01 14:34:19 - INFO - save_and_open_map - Opening map in browser: C:\Users\SamClissold\MCCF_Git_Repo - Copy\MCCF\PDP8\results\overlap_map.html
2025-07-01 14:34:19 - INFO - save_and_open_map - Map saving and opening completed in 23.46 seconds
2025-07-01 14:34:19 - INFO - main - Map generation completed in 200.95 seconds
