2025-07-01 12:00:47 - INFO - setup_logging - Logging initialized. Log file: C:\Users\SamClissold\MCCF_Git_Repo\MCCF\PDP8\results\logs\map_generation_20250701_120047.log
2025-07-01 12:00:47 - INFO - main - Starting map generation process
2025-07-01 12:00:47 - INFO - main - Generating map type: transmission
2025-07-01 12:00:47 - INFO - main - Generating transmission map
2025-07-01 12:00:47 - INFO - read_transmission_data - Starting transmission data reading
2025-07-01 12:00:47 - INFO - read_transmission_data - Reading transmission data from C:\Users\SamClissold\MCCF_Git_Repo\MCCF\PDP8\data\infrastructure_data.xlsx
2025-07-01 12:01:14 - INFO - read_transmission_data - Initial data shape: (103453, 29)
2025-07-01 12:01:14 - INFO - read_transmission_data - Filtered 0 rows with blank location
2025-07-01 12:01:14 - INFO - read_transmission_data - Filtered 93430 rows with invalid location type
2025-07-01 12:01:14 - INFO - read_transmission_data - Kept columns: ['location', 'longitude', 'latitude', 'max_voltage']
2025-07-01 12:01:14 - INFO - read_transmission_data - Transmission data reading completed in 27.42 seconds
2025-07-01 12:01:14 - INFO - read_transmission_data - Final transmission records: 10023
2025-07-01 12:01:14 - INFO - save_to_cache - Saved read_transmission_data data to cache
2025-07-01 12:01:14 - INFO - create_transmission_map - Filtered 2465 rows with NaN voltage values
2025-07-01 12:01:14 - INFO - create_folium_map - Starting base map creation
2025-07-01 12:01:14 - INFO - create_folium_map - Adding map plugins
2025-07-01 12:01:14 - INFO - create_folium_map - Adding legend control script
2025-07-01 12:01:14 - INFO - create_folium_map - Base map creation completed in 0.02 seconds
2025-07-01 12:01:17 - INFO - save_and_open_map - Starting map saving process
2025-07-01 12:01:17 - INFO - save_and_open_map - Saving map to C:\Users\SamClissold\MCCF_Git_Repo\MCCF\PDP8\results\vn_transmission_map.html
2025-07-01 12:01:36 - INFO - save_and_open_map - Opening map in browser: C:\Users\SamClissold\MCCF_Git_Repo\MCCF\PDP8\results\vn_transmission_map.html
2025-07-01 12:01:36 - INFO - save_and_open_map - Map saving and opening completed in 18.98 seconds
2025-07-01 12:01:36 - INFO - main - Map generation completed in 49.09 seconds
