2025-07-01 13:58:14 - INFO - setup_logging - Logging initialized. Log file: C:\Users\SamClissold\MCCF_GIT_Repo - Copy\MCCF\PDP8\results\logs\map_generation_20250701_135814.log
2025-07-01 13:58:14 - INFO - main - Starting map generation process
2025-07-01 13:58:14 - INFO - main - Generating map type: integrated
2025-07-01 13:58:14 - INFO - main - Generating integrated map
2025-07-01 13:58:14 - INFO - get_power_lines - Reading powerline data from C:\Users\SamClissold\MCCF_GIT_Repo - Copy\MCCF\PDP8\data\VNM.gpkg
2025-07-01 13:58:14 - INFO - get_power_lines - Read 10023 powerline records
2025-07-01 13:58:14 - INFO - cache_polylines - Loading polylines from cache: C:\Users\SamClissold\MCCF_GIT_Repo - Copy\MCCF\PDP8\results\powerline_polylines.geojson
2025-07-01 13:58:14 - INFO - load_from_cache - Loaded read_substation_data data from cache
2025-07-01 13:58:14 - INFO - load_from_cache - Loaded read_and_clean_power_data data from cache
2025-07-01 13:58:14 - INFO - load_from_cache - Loaded read_planned_transformer_data data from cache
2025-07-01 13:59:01 - ERROR - main - Error creating map: 
Traceback (most recent call last):
  File "C:\Users\SamClissold\MCCF_GIT_Repo - Copy\MCCF\PDP8\map.py", line 2839, in main
    logging.info("Generating integrated map")
  File "C:\Users\SamClissold\MCCF_GIT_Repo - Copy\MCCF\PDP8\map.py", line 1872, in create_integrated_map
    for _, row in transformer_df.iterrows():
  File "C:\Users\SamClissold\MCCF_GIT_Repo - Copy\MCCF\PDP8\map.py", line 1872, in create_integrated_map
    for _, row in transformer_df.iterrows():
  File "C:\Users\SamClissold\anaconda3\envs\mccf-env\lib\bdb.py", line 90, in trace_dispatch
    return self.dispatch_line(frame)
  File "C:\Users\SamClissold\anaconda3\envs\mccf-env\lib\bdb.py", line 115, in dispatch_line
    if self.quitting: raise BdbQuit
bdb.BdbQuit
