2025-07-01 12:44:23 - INFO - setup_logging - Logging initialized. Log file: C:\Users\SamClissold\MCCF_Git_Repo\MCCF\PDP8\results\logs\map_generation_20250701_124423.log
2025-07-01 12:44:23 - INFO - main - Starting map generation process
2025-07-01 12:44:23 - INFO - main - Generating map type: integrated
2025-07-01 12:44:23 - INFO - main - Generating integrated map
2025-07-01 12:44:23 - INFO - create_folium_map - Starting base map creation
2025-07-01 12:44:23 - INFO - create_folium_map - Adding map plugins
2025-07-01 12:44:23 - INFO - create_folium_map - Adding legend control script
2025-07-01 12:44:23 - INFO - create_folium_map - Base map creation completed in 0.01 seconds
2025-07-01 12:44:23 - INFO - read_powerline_data - Starting powerline data reading and processing
2025-07-01 12:44:23 - INFO - get_power_lines - Reading powerline data from C:\Users\SamClissold\MCCF_Git_Repo\MCCF\PDP8\data\VNM.gpkg
2025-07-01 12:44:23 - INFO - get_power_lines - Read 10023 powerline records
2025-07-01 12:44:23 - INFO - cache_polylines - Computing DBSCAN clusters and greedy paths for each voltage category...
2025-07-01 12:44:30 - INFO - cache_polylines - Saved polylines to C:\Users\SamClissold\MCCF_Git_Repo\MCCF\PDP8\results\powerline_polylines.geojson
2025-07-01 12:44:30 - INFO - read_powerline_data - Powerline data processing completed in 7.25 seconds
2025-07-01 12:44:30 - INFO - read_powerline_data - Generated 7225 clustered transmission lines
2025-07-01 12:44:30 - INFO - save_to_cache - Saved read_powerline_data data to cache
2025-07-01 12:44:30 - INFO - read_substation_data - Starting substation data reading
2025-07-01 12:44:30 - INFO - read_substation_data - Reading substation data from C:\Users\SamClissold\MCCF_Git_Repo\MCCF\PDP8\data\infrastructure_data.xlsx
2025-07-01 12:45:08 - INFO - read_substation_data - Initial data shape: (103453, 29)
2025-07-01 12:45:08 - INFO - read_substation_data - Filtered 0 rows with blank substation type
2025-07-01 12:45:08 - INFO - read_substation_data - Kept columns: ['substation_type', 'max_voltage', 'longitude', 'latitude']
2025-07-01 12:45:08 - INFO - read_substation_data - Substation data reading completed in 38.23 seconds
2025-07-01 12:45:08 - INFO - read_substation_data - Final substation records: 103453
2025-07-01 12:45:08 - INFO - save_to_cache - Saved read_substation_data data to cache
2025-07-01 12:45:08 - INFO - read_openinfra_existing_generators - Starting OpenInfra existing generators data reading
2025-07-01 12:45:08 - INFO - read_openinfra_existing_generators - Reading generator data from C:\Users\SamClissold\MCCF_Git_Repo\MCCF\PDP8\data\openinfra_existing_generator_data.xlsx
2025-07-01 12:45:09 - INFO - read_openinfra_existing_generators - Initial data shape: (2092, 29), Columns: ['id', 'name', 'name_en', 'operator', 'wd_operator', 'construction', 'source', 'output', 'method', 'start_date', 'longitude', 'latitude', 'wikidata', 'ref', 'location', 'max_voltage', 'voltages', 'frequency', 'circuits', 'cables', 'substation_type', 'transformer', 'v_primary', 'v_secondary', 'v_tertiary', 'rating', 'type', 'transition', 'substance']
2025-07-01 12:45:09 - INFO - read_openinfra_existing_generators - Kept and renamed 4 required columns
2025-07-01 12:45:09 - INFO - read_openinfra_existing_generators - OpenInfra existing generators data reading completed in 0.71 seconds
2025-07-01 12:45:09 - INFO - read_openinfra_existing_generators - Final generator records: 2092
2025-07-01 12:45:09 - INFO - save_to_cache - Saved read_openinfra_existing_generators data to cache
2025-07-01 12:45:10 - INFO - create_integrated_map - Filtered 95016 substation rows with NaN voltage values
2025-07-01 12:45:15 - INFO - save_and_open_map - Starting map saving process
2025-07-01 12:45:15 - INFO - save_and_open_map - Saving map to C:\Users\SamClissold\MCCF_Git_Repo\MCCF\PDP8\results\vn_integrated_map.html
2025-07-01 12:46:02 - INFO - save_and_open_map - Opening map in browser: C:\Users\SamClissold\MCCF_Git_Repo\MCCF\PDP8\results\vn_integrated_map.html
2025-07-01 12:46:03 - INFO - save_and_open_map - Map saving and opening completed in 48.23 seconds
2025-07-01 12:46:03 - INFO - main - Map generation completed in 100.08 seconds
